{
  "stats": {
    "suites": 1,
    "tests": 3,
    "passes": 3,
    "pending": 0,
    "failures": 0,
    "start": "2022-12-12T15:42:09.723Z",
    "end": "2022-12-12T15:42:28.468Z",
    "duration": 18745,
    "testsRegistered": 3,
    "passPercent": 100,
    "pendingPercent": 0,
    "other": 0,
    "hasOther": false,
    "skipped": 0,
    "hasSkipped": false
  },
  "results": [
    {
      "uuid": "0b32b9c4-bd10-4455-b8bb-574a0fde0802",
      "title": "",
      "fullFile": "cypress\\e2e\\tests\\registration.cy.js",
      "file": "cypress\\e2e\\tests\\registration.cy.js",
      "beforeHooks": [],
      "afterHooks": [],
      "tests": [],
      "suites": [
        {
          "uuid": "d2d2457a-2ece-4b91-88d6-b44a51eaa16b",
          "title": "Authentication",
          "fullFile": "",
          "file": "",
          "beforeHooks": [],
          "afterHooks": [],
          "tests": [
            {
              "title": "Register a new user with email",
              "fullTitle": "Authentication Register a new user with email",
              "timedOut": null,
              "duration": 10276,
              "state": "passed",
              "speed": "slow",
              "pass": true,
              "fail": false,
              "pending": false,
              "context": null,
              "code": "// Register using email\ncy.get('#signInOrRegister').should('be.visible');\ncy.get('#signInOrRegister').click();\ncy.get(_authentication.default.signUp).should('be.visible');\ncy.get(_authentication.default.signUp).click();\ncy.get('[type=email]').type(email);\ncy.get('[type=password]').type('Password123!');\ncy.get(_authentication.default.submitBtn).should('be.visible');\ncy.get(_authentication.default.submitBtn).click();\ncy.get(_authentication.default.banner).should('be.visible');\ncy.get(_authentication.default.banner).should('have.text', \"Products\");",
              "err": {},
              "uuid": "84897f0d-41a4-4395-9590-dc8063844e11",
              "parentUUID": "d2d2457a-2ece-4b91-88d6-b44a51eaa16b",
              "isHook": false,
              "skipped": false
            },
            {
              "title": "Register with invalid email address",
              "fullTitle": "Authentication Register with invalid email address",
              "timedOut": null,
              "duration": 4102,
              "state": "passed",
              "speed": "fast",
              "pass": true,
              "fail": false,
              "pending": false,
              "context": null,
              "code": "cy.get('#signInOrRegister').should('be.visible');\ncy.get('#signInOrRegister').click();\ncy.get(_authentication.default.signUp).should('be.visible');\ncy.get(_authentication.default.signUp).click();\ncy.get('[type=email]').type('ree@com'); //email is not  valid\ncy.get('[type=password]').type('Password123!');\ncy.get(_authentication.default.submitBtn).should('be.visible');\ncy.get(_authentication.default.submitBtn).click();\ncy.get(_authentication.default.emailError).should('be.visible');\ncy.get(_authentication.default.emailError).should('have.text', \"Email is invalid\");",
              "err": {},
              "uuid": "747bfae9-c392-4849-a7de-297255e79df9",
              "parentUUID": "d2d2457a-2ece-4b91-88d6-b44a51eaa16b",
              "isHook": false,
              "skipped": false
            },
            {
              "title": "Register with invalid password",
              "fullTitle": "Authentication Register with invalid password",
              "timedOut": null,
              "duration": 4194,
              "state": "passed",
              "speed": "fast",
              "pass": true,
              "fail": false,
              "pending": false,
              "context": null,
              "code": "cy.get('#signInOrRegister').should('be.visible');\ncy.get('#signInOrRegister').click();\ncy.get(_authentication.default.signUp).should('be.visible');\ncy.get(_authentication.default.signUp).click();\ncy.get('[type=email]').type('yyy@yopmail.com');\ncy.get('[type=password]').type('password123'); //password is not valid\ncy.get(_authentication.default.submitBtn).should('be.visible');\ncy.get(_authentication.default.submitBtn).click();\ncy.get(_authentication.default.passwordError).should('be.visible');\ncy.get(_authentication.default.passwordError).should('have.text', \"Password is invalid\");",
              "err": {},
              "uuid": "1860b794-8882-48ef-8e0c-58ca5f204e80",
              "parentUUID": "d2d2457a-2ece-4b91-88d6-b44a51eaa16b",
              "isHook": false,
              "skipped": false
            }
          ],
          "suites": [],
          "passes": [
            "84897f0d-41a4-4395-9590-dc8063844e11",
            "747bfae9-c392-4849-a7de-297255e79df9",
            "1860b794-8882-48ef-8e0c-58ca5f204e80"
          ],
          "failures": [],
          "pending": [],
          "skipped": [],
          "duration": 18572,
          "root": false,
          "rootEmpty": false,
          "_timeout": 2000
        }
      ],
      "passes": [],
      "failures": [],
      "pending": [],
      "skipped": [],
      "duration": 0,
      "root": true,
      "rootEmpty": true,
      "_timeout": 2000
    }
  ],
  "meta": {
    "mocha": {
      "version": "7.0.1"
    },
    "mochawesome": {
      "options": {
        "quiet": false,
        "reportFilename": "mochawesome",
        "saveHtml": false,
        "saveJson": true,
        "consoleReporter": "spec",
        "useInlineDiffs": false,
        "code": true
      },
      "version": "7.1.3"
    },
    "marge": {
      "options": {
        "reportDir": "cypress/reports",
        "overwrite": false,
        "html": false,
        "json": true
      },
      "version": "6.2.0"
    }
  }
}