{
  "stats": {
    "suites": 1,
    "tests": 3,
    "passes": 3,
    "pending": 0,
    "failures": 0,
    "start": "2022-12-13T01:33:47.842Z",
    "end": "2022-12-13T01:34:07.159Z",
    "duration": 19317,
    "testsRegistered": 3,
    "passPercent": 100,
    "pendingPercent": 0,
    "other": 0,
    "hasOther": false,
    "skipped": 0,
    "hasSkipped": false
  },
  "results": [
    {
      "uuid": "e8844d3c-b33f-4749-8d48-3a092d40d4db",
      "title": "",
      "fullFile": "cypress\\e2e\\tests\\registration.cy.js",
      "file": "cypress\\e2e\\tests\\registration.cy.js",
      "beforeHooks": [],
      "afterHooks": [],
      "tests": [],
      "suites": [
        {
          "uuid": "5ff7791c-bf63-4954-817b-e80d400dd32b",
          "title": "Authentication",
          "fullFile": "",
          "file": "",
          "beforeHooks": [],
          "afterHooks": [],
          "tests": [
            {
              "title": "Register a new user with email",
              "fullTitle": "Authentication Register a new user with email",
              "timedOut": null,
              "duration": 9621,
              "state": "passed",
              "speed": "medium",
              "pass": true,
              "fail": false,
              "pending": false,
              "context": null,
              "code": "// Register using email\ncy.get('#signInOrRegister').should('be.visible');\ncy.get('#signInOrRegister').click();\ncy.get(_authentication.default.signUp).should('be.visible');\ncy.get(_authentication.default.signUp).click();\ncy.get('[type=email]').type(email);\ncy.get('[type=password]').type('Password123!');\ncy.get(_authentication.default.submitBtn).should('be.visible');\ncy.get(_authentication.default.submitBtn).click();\ncy.get(_authentication.default.banner).should('be.visible');\ncy.get(_authentication.default.banner).should('have.text', \"Products\");",
              "err": {},
              "uuid": "1b84fcf4-9d0d-4ce9-8a03-28445e7d6671",
              "parentUUID": "5ff7791c-bf63-4954-817b-e80d400dd32b",
              "isHook": false,
              "skipped": false
            },
            {
              "title": "Register with invalid email address",
              "fullTitle": "Authentication Register with invalid email address",
              "timedOut": null,
              "duration": 5021,
              "state": "passed",
              "speed": "medium",
              "pass": true,
              "fail": false,
              "pending": false,
              "context": null,
              "code": "cy.get('#signInOrRegister').should('be.visible');\ncy.get('#signInOrRegister').click();\ncy.get(_authentication.default.signUp).should('be.visible');\ncy.get(_authentication.default.signUp).click();\ncy.get('[type=email]').type('ree@com'); //email is not  valid\ncy.get('[type=password]').type('Password123!');\ncy.get(_authentication.default.submitBtn).should('be.visible');\ncy.get(_authentication.default.submitBtn).click();\ncy.get(_authentication.default.emailError).should('be.visible');\ncy.get(_authentication.default.emailError).should('have.text', \"Email is invalid\");",
              "err": {},
              "uuid": "edbb80f7-6498-45a4-a7ac-475f04f785ad",
              "parentUUID": "5ff7791c-bf63-4954-817b-e80d400dd32b",
              "isHook": false,
              "skipped": false
            },
            {
              "title": "Register with invalid password",
              "fullTitle": "Authentication Register with invalid password",
              "timedOut": null,
              "duration": 4112,
              "state": "passed",
              "speed": "fast",
              "pass": true,
              "fail": false,
              "pending": false,
              "context": null,
              "code": "cy.get('#signInOrRegister').should('be.visible');\ncy.get('#signInOrRegister').click();\ncy.get(_authentication.default.signUp).should('be.visible');\ncy.get(_authentication.default.signUp).click();\ncy.get('[type=email]').type('yyy@yopmail.com');\ncy.get('[type=password]').type('password123'); //password is not valid\ncy.get(_authentication.default.submitBtn).should('be.visible');\ncy.get(_authentication.default.submitBtn).click();\ncy.get(_authentication.default.passwordError).should('be.visible');\ncy.get(_authentication.default.passwordError).should('have.text', \"Password is invalid\");",
              "err": {},
              "uuid": "c0881e19-77c9-4b1d-afff-4dceb755b659",
              "parentUUID": "5ff7791c-bf63-4954-817b-e80d400dd32b",
              "isHook": false,
              "skipped": false
            }
          ],
          "suites": [],
          "passes": [
            "1b84fcf4-9d0d-4ce9-8a03-28445e7d6671",
            "edbb80f7-6498-45a4-a7ac-475f04f785ad",
            "c0881e19-77c9-4b1d-afff-4dceb755b659"
          ],
          "failures": [],
          "pending": [],
          "skipped": [],
          "duration": 18754,
          "root": false,
          "rootEmpty": false,
          "_timeout": 2000
        }
      ],
      "passes": [],
      "failures": [],
      "pending": [],
      "skipped": [],
      "duration": 0,
      "root": true,
      "rootEmpty": true,
      "_timeout": 2000
    }
  ],
  "meta": {
    "mocha": {
      "version": "7.0.1"
    },
    "mochawesome": {
      "options": {
        "quiet": false,
        "reportFilename": "mochawesome",
        "saveHtml": false,
        "saveJson": true,
        "consoleReporter": "spec",
        "useInlineDiffs": false,
        "code": true
      },
      "version": "7.1.3"
    },
    "marge": {
      "options": {
        "reportDir": "cypress/reports",
        "overwrite": false,
        "html": false,
        "json": true
      },
      "version": "6.2.0"
    }
  }
}