{
  "stats": {
    "suites": 1,
    "tests": 2,
    "passes": 2,
    "pending": 0,
    "failures": 0,
    "start": "2022-12-13T01:33:19.012Z",
    "end": "2022-12-13T01:33:34.647Z",
    "duration": 15635,
    "testsRegistered": 2,
    "passPercent": 100,
    "pendingPercent": 0,
    "other": 0,
    "hasOther": false,
    "skipped": 0,
    "hasSkipped": false
  },
  "results": [
    {
      "uuid": "7820958a-3a6e-47e6-8344-6aed21bba7bb",
      "title": "",
      "fullFile": "cypress\\e2e\\tests\\login.cy.js",
      "file": "cypress\\e2e\\tests\\login.cy.js",
      "beforeHooks": [],
      "afterHooks": [],
      "tests": [],
      "suites": [
        {
          "uuid": "93bc7926-72c5-41c7-a3a3-b429aa604edf",
          "title": "Authentication",
          "fullFile": "",
          "file": "",
          "beforeHooks": [],
          "afterHooks": [],
          "tests": [
            {
              "title": "Login valid user",
              "fullTitle": "Authentication Login valid user",
              "timedOut": null,
              "duration": 10209,
              "state": "passed",
              "speed": "slow",
              "pass": true,
              "fail": false,
              "pending": false,
              "context": null,
              "code": "// Login with valid credentials\ncy.get('#signInOrRegister').should('be.visible');\ncy.get('#signInOrRegister').click();\ncy.get('[type=email]').type('marsenal2@yopmail.com');\ncy.get('[type=password]').type('Password123!');\ncy.get(_authentication.default.submitBtn).should('be.visible');\ncy.get(_authentication.default.submitBtn).click();\ncy.get(_authentication.default.banner).should('be.visible');\ncy.get(_authentication.default.banner).should('have.text', \"Products\");",
              "err": {},
              "uuid": "79a2b945-366e-4c3f-bfb4-210e9e36bb9e",
              "parentUUID": "93bc7926-72c5-41c7-a3a3-b429aa604edf",
              "isHook": false,
              "skipped": false
            },
            {
              "title": "Log in with invalid email",
              "fullTitle": "Authentication Log in with invalid email",
              "timedOut": null,
              "duration": 5298,
              "state": "passed",
              "speed": "medium",
              "pass": true,
              "fail": false,
              "pending": false,
              "context": null,
              "code": "// Login with valid credentials\ncy.get('#signInOrRegister').should('be.visible');\ncy.get('#signInOrRegister').click();\ncy.get('[type=email]').type('wetest22@yopmail.com'); //email not registered\ncy.get('[type=password]').type('notTrue123!');\ncy.get(_authentication.default.submitBtn).should('be.visible');\ncy.get(_authentication.default.submitBtn).click();\ncy.get(_authentication.default.errorMsg).should('be.visible');\ncy.get(_authentication.default.errorMsg).should('have.text', 'Wrong email or password.');",
              "err": {},
              "uuid": "e537e505-9254-41fa-8ec1-6bb33289f9b4",
              "parentUUID": "93bc7926-72c5-41c7-a3a3-b429aa604edf",
              "isHook": false,
              "skipped": false
            }
          ],
          "suites": [],
          "passes": [
            "79a2b945-366e-4c3f-bfb4-210e9e36bb9e",
            "e537e505-9254-41fa-8ec1-6bb33289f9b4"
          ],
          "failures": [],
          "pending": [],
          "skipped": [],
          "duration": 15507,
          "root": false,
          "rootEmpty": false,
          "_timeout": 2000
        }
      ],
      "passes": [],
      "failures": [],
      "pending": [],
      "skipped": [],
      "duration": 0,
      "root": true,
      "rootEmpty": true,
      "_timeout": 2000
    }
  ],
  "meta": {
    "mocha": {
      "version": "7.0.1"
    },
    "mochawesome": {
      "options": {
        "quiet": false,
        "reportFilename": "mochawesome",
        "saveHtml": false,
        "saveJson": true,
        "consoleReporter": "spec",
        "useInlineDiffs": false,
        "code": true
      },
      "version": "7.1.3"
    },
    "marge": {
      "options": {
        "reportDir": "cypress/reports",
        "overwrite": false,
        "html": false,
        "json": true
      },
      "version": "6.2.0"
    }
  }
}